2023-08-29 12:53:32 - custom_script - [INFO] - chemostat initiated for vial 0, period 10.00
2023-08-29 12:53:32 - custom_script - [INFO] - chemostat initiated for vial 1, period 10.00
2023-08-29 12:53:32 - custom_script - [INFO] - chemostat initiated for vial 2, period 10.00
2023-08-29 12:53:32 - custom_script - [INFO] - chemostat initiated for vial 3, period 10.00
2023-08-29 12:53:32 - custom_script - [INFO] - chemostat initiated for vial 4, period 10.00
2023-08-29 12:53:32 - custom_script - [INFO] - chemostat initiated for vial 5, period 10.00
2023-08-29 12:53:32 - custom_script - [INFO] - chemostat initiated for vial 6, period 10.00
2023-08-29 12:53:32 - custom_script - [INFO] - chemostat initiated for vial 7, period 10.00
2023-08-29 12:53:32 - custom_script - [INFO] - chemostat initiated for vial 8, period 10.00
2023-08-29 12:53:32 - custom_script - [INFO] - chemostat initiated for vial 9, period 10.00
2023-08-29 12:53:32 - custom_script - [INFO] - chemostat initiated for vial 10, period 10.00
2023-08-29 12:53:32 - custom_script - [INFO] - chemostat initiated for vial 11, period 10.00
2023-08-29 12:53:32 - custom_script - [INFO] - chemostat initiated for vial 12, period 10.00
2023-08-29 12:53:32 - custom_script - [INFO] - chemostat initiated for vial 13, period 10.00
2023-08-29 12:53:32 - custom_script - [INFO] - chemostat initiated for vial 14, period 10.00
2023-08-29 12:53:32 - custom_script - [INFO] - chemostat initiated for vial 15, period 10.00
2023-08-29 13:47:29 - eVOLVER - [ERROR] - Incomplete data received, error with measurements
2023-08-29 13:47:30 - eVOLVER - [WARNING] - interrupt received, pausing experiment
2023-08-29 13:47:30 - eVOLVER - [INFO] - stopping all pumps
2023-08-29 13:47:30 - eVOLVER - [INFO] - disconnected to eVOLVER as client
2023-08-29 13:47:31 - eVOLVER - [WARNING] - second interrupt received, terminating experiment
2023-08-29 13:47:31 - eVOLVER - [INFO] - stopping all pumps
